d:\유준환\144기\defaultwindow\edit\debug\edit.pch
d:\유준환\144기\defaultwindow\edit\debug\vc140.pdb
d:\유준환\144기\defaultwindow\edit\debug\vc140.idb
d:\유준환\144기\defaultwindow\edit\debug\stdafx.obj
d:\유준환\144기\defaultwindow\edit\debug\edit.obj
d:\유준환\144기\defaultwindow\edit\debug\keymgr.obj
d:\유준환\144기\defaultwindow\edit\debug\line.obj
d:\유준환\144기\defaultwindow\edit\debug\linemgr.obj
d:\유준환\144기\defaultwindow\edit\debug\maingame.obj
d:\유준환\144기\defaultwindow\edit\debug\scrollmgr.obj
d:\유준환\144기\defaultwindow\debug\edit.ilk
d:\유준환\144기\defaultwindow\debug\edit.exe
d:\유준환\144기\defaultwindow\debug\edit.pdb
d:\유준환\144기\defaultwindow\edit\debug\edit.res
d:\유준환\144기\defaultwindow\edit\debug\edit.tlog\cl.command.1.tlog
d:\유준환\144기\defaultwindow\edit\debug\edit.tlog\cl.read.1.tlog
d:\유준환\144기\defaultwindow\edit\debug\edit.tlog\cl.write.1.tlog
d:\유준환\144기\defaultwindow\edit\debug\edit.tlog\link.command.1.tlog
d:\유준환\144기\defaultwindow\edit\debug\edit.tlog\link.read.1.tlog
d:\유준환\144기\defaultwindow\edit\debug\edit.tlog\link.write.1.tlog
d:\유준환\144기\defaultwindow\edit\debug\edit.tlog\rc.command.1.tlog
d:\유준환\144기\defaultwindow\edit\debug\edit.tlog\rc.read.1.tlog
d:\유준환\144기\defaultwindow\edit\debug\edit.tlog\rc.write.1.tlog
