d:\유준환\144기\defaultwindow\defaultwindow\debug\defaultwindow.pch
d:\유준환\144기\defaultwindow\defaultwindow\debug\vc140.pdb
d:\유준환\144기\defaultwindow\defaultwindow\debug\vc140.idb
d:\유준환\144기\defaultwindow\defaultwindow\debug\stdafx.obj
d:\유준환\144기\defaultwindow\defaultwindow\debug\linemgr.obj
d:\유준환\144기\defaultwindow\defaultwindow\debug\logo.obj
d:\유준환\144기\defaultwindow\defaultwindow\debug\maingame.obj
d:\유준환\144기\defaultwindow\defaultwindow\debug\monster.obj
d:\유준환\144기\defaultwindow\defaultwindow\debug\mouse.obj
d:\유준환\144기\defaultwindow\defaultwindow\debug\mybmp.obj
d:\유준환\144기\defaultwindow\defaultwindow\debug\mybutton.obj
d:\유준환\144기\defaultwindow\defaultwindow\debug\myedit.obj
d:\유준환\144기\defaultwindow\defaultwindow\debug\mymenu.obj
d:\유준환\144기\defaultwindow\defaultwindow\debug\obj.obj
d:\유준환\144기\defaultwindow\defaultwindow\debug\objmgr.obj
d:\유준환\144기\defaultwindow\defaultwindow\debug\player.obj
d:\유준환\144기\defaultwindow\defaultwindow\debug\scene.obj
d:\유준환\144기\defaultwindow\defaultwindow\debug\scenemgr.obj
d:\유준환\144기\defaultwindow\defaultwindow\debug\screwbullet.obj
d:\유준환\144기\defaultwindow\defaultwindow\debug\scrollmgr.obj
d:\유준환\144기\defaultwindow\defaultwindow\debug\shield.obj
d:\유준환\144기\defaultwindow\defaultwindow\debug\stage.obj
d:\유준환\144기\defaultwindow\defaultwindow\debug\tile.obj
d:\유준환\144기\defaultwindow\defaultwindow\debug\tilemgr.obj
d:\유준환\144기\defaultwindow\defaultwindow\debug\bmpmgr.obj
d:\유준환\144기\defaultwindow\defaultwindow\debug\bullet.obj
d:\유준환\144기\defaultwindow\defaultwindow\debug\collisionmgr.obj
d:\유준환\144기\defaultwindow\defaultwindow\debug\defaultwindow.obj
d:\유준환\144기\defaultwindow\defaultwindow\debug\guidebullet.obj
d:\유준환\144기\defaultwindow\defaultwindow\debug\keymgr.obj
d:\유준환\144기\defaultwindow\defaultwindow\debug\line.obj
d:\유준환\144기\defaultwindow\debug\defaultwindow.ilk
d:\유준환\144기\defaultwindow\debug\defaultwindow.exe
d:\유준환\144기\defaultwindow\debug\defaultwindow.pdb
d:\유준환\144기\defaultwindow\defaultwindow\debug\defaultwindow.res
d:\유준환\144기\defaultwindow\defaultwindow\debug\defaultwindow.tlog\cl.command.1.tlog
d:\유준환\144기\defaultwindow\defaultwindow\debug\defaultwindow.tlog\cl.read.1.tlog
d:\유준환\144기\defaultwindow\defaultwindow\debug\defaultwindow.tlog\cl.write.1.tlog
d:\유준환\144기\defaultwindow\defaultwindow\debug\defaultwindow.tlog\link.command.1.tlog
d:\유준환\144기\defaultwindow\defaultwindow\debug\defaultwindow.tlog\link.read.1.tlog
d:\유준환\144기\defaultwindow\defaultwindow\debug\defaultwindow.tlog\link.write.1.tlog
d:\유준환\144기\defaultwindow\defaultwindow\debug\defaultwindow.tlog\rc.command.1.tlog
d:\유준환\144기\defaultwindow\defaultwindow\debug\defaultwindow.tlog\rc.read.1.tlog
d:\유준환\144기\defaultwindow\defaultwindow\debug\defaultwindow.tlog\rc.write.1.tlog
